CRITICAL - 2024-01-25 09:48:34 --> CodeIgniter\Exceptions\FrameworkException: The framework needs the following extension(s) installed and loaded: intl.
in SYSTEMPATH\CodeIgniter.php on line 252.
 1 SYSTEMPATH\CodeIgniter.php(252): CodeIgniter\Exceptions\FrameworkException::forMissingExtension()
 2 SYSTEMPATH\CodeIgniter.php(214): CodeIgniter\CodeIgniter->resolvePlatformExtensions()
 3 ROOTPATH\spark(88): CodeIgniter\CodeIgniter->initialize()
CRITICAL - 2024-01-25 09:50:34 --> CodeIgniter\Exceptions\FrameworkException: The framework needs the following extension(s) installed and loaded: intl.
in SYSTEMPATH\CodeIgniter.php on line 252.
 1 SYSTEMPATH\CodeIgniter.php(252): CodeIgniter\Exceptions\FrameworkException::forMissingExtension()
 2 SYSTEMPATH\CodeIgniter.php(214): CodeIgniter\CodeIgniter->resolvePlatformExtensions()
 3 ROOTPATH\spark(88): CodeIgniter\CodeIgniter->initialize()
CRITICAL - 2024-01-25 09:55:46 --> Error: Undefined constant "CodeIgniter\Database\MySQLi\MYSQLI_STORE_RESULT"
in SYSTEMPATH\Database\Database.php on line 137.
 1 SYSTEMPATH\Database\Database.php(55): CodeIgniter\Database\Database->initDriver()
 2 SYSTEMPATH\Database\Config.php(82): CodeIgniter\Database\Database->load()
 3 SYSTEMPATH\Model.php(153): CodeIgniter\Database\Config::connect()
 4 APPPATH\Controllers\TODOController.php(19): CodeIgniter\Model->__construct()
 5 SYSTEMPATH\CodeIgniter.php(941): App\Controllers\TODOController->details()
 6 SYSTEMPATH\CodeIgniter.php(502): CodeIgniter\CodeIgniter->runController()
 7 SYSTEMPATH\CodeIgniter.php(361): CodeIgniter\CodeIgniter->handleRequest()
 8 FCPATH\index.php(79): CodeIgniter\CodeIgniter->run()
 9 SYSTEMPATH\Commands\Server\rewrite.php(47): require_once('C:\\xampp\\htdocs\\to_do_app\\public\\index.php')
CRITICAL - 2024-01-25 09:55:47 --> Error: Undefined constant "CodeIgniter\Database\MySQLi\MYSQLI_STORE_RESULT"
in SYSTEMPATH\Database\Database.php on line 137.
 1 SYSTEMPATH\Database\Database.php(55): CodeIgniter\Database\Database->initDriver()
 2 SYSTEMPATH\Database\Config.php(82): CodeIgniter\Database\Database->load()
 3 SYSTEMPATH\Model.php(153): CodeIgniter\Database\Config::connect()
 4 APPPATH\Controllers\TODOController.php(19): CodeIgniter\Model->__construct()
 5 SYSTEMPATH\CodeIgniter.php(941): App\Controllers\TODOController->details()
 6 SYSTEMPATH\CodeIgniter.php(502): CodeIgniter\CodeIgniter->runController()
 7 SYSTEMPATH\CodeIgniter.php(361): CodeIgniter\CodeIgniter->handleRequest()
 8 FCPATH\index.php(79): CodeIgniter\CodeIgniter->run()
 9 SYSTEMPATH\Commands\Server\rewrite.php(47): require_once('C:\\xampp\\htdocs\\to_do_app\\public\\index.php')
CRITICAL - 2024-01-25 10:02:53 --> Error: Undefined constant "CodeIgniter\Database\MySQLi\MYSQLI_STORE_RESULT"
in SYSTEMPATH\Database\Database.php on line 137.
 1 SYSTEMPATH\Database\Database.php(55): CodeIgniter\Database\Database->initDriver()
 2 SYSTEMPATH\Database\Config.php(82): CodeIgniter\Database\Database->load()
 3 SYSTEMPATH\Model.php(153): CodeIgniter\Database\Config::connect()
 4 APPPATH\Controllers\TODOController.php(19): CodeIgniter\Model->__construct()
 5 SYSTEMPATH\CodeIgniter.php(941): App\Controllers\TODOController->details()
 6 SYSTEMPATH\CodeIgniter.php(502): CodeIgniter\CodeIgniter->runController()
 7 SYSTEMPATH\CodeIgniter.php(361): CodeIgniter\CodeIgniter->handleRequest()
 8 FCPATH\index.php(79): CodeIgniter\CodeIgniter->run()
 9 SYSTEMPATH\Commands\Server\rewrite.php(47): require_once('C:\\xampp\\htdocs\\to_do_app\\public\\index.php')
CRITICAL - 2024-01-25 10:02:55 --> Error: Undefined constant "CodeIgniter\Database\MySQLi\MYSQLI_STORE_RESULT"
in SYSTEMPATH\Database\Database.php on line 137.
 1 SYSTEMPATH\Database\Database.php(55): CodeIgniter\Database\Database->initDriver()
 2 SYSTEMPATH\Database\Config.php(82): CodeIgniter\Database\Database->load()
 3 SYSTEMPATH\Model.php(153): CodeIgniter\Database\Config::connect()
 4 APPPATH\Controllers\TODOController.php(19): CodeIgniter\Model->__construct()
 5 SYSTEMPATH\CodeIgniter.php(941): App\Controllers\TODOController->details()
 6 SYSTEMPATH\CodeIgniter.php(502): CodeIgniter\CodeIgniter->runController()
 7 SYSTEMPATH\CodeIgniter.php(361): CodeIgniter\CodeIgniter->handleRequest()
 8 FCPATH\index.php(79): CodeIgniter\CodeIgniter->run()
 9 SYSTEMPATH\Commands\Server\rewrite.php(47): require_once('C:\\xampp\\htdocs\\to_do_app\\public\\index.php')
CRITICAL - 2024-01-25 17:42:01 --> ArgumentCountError: Too few arguments to function App\Controllers\TODOController::editdetails(), 0 passed in C:\xampp\htdocs\to_do_app\system\CodeIgniter.php on line 941 and exactly 1 expected
in APPPATH\Controllers\TODOController.php on line 20.
 1 SYSTEMPATH\CodeIgniter.php(941): App\Controllers\TODOController->editdetails()
 2 SYSTEMPATH\CodeIgniter.php(502): CodeIgniter\CodeIgniter->runController()
 3 SYSTEMPATH\CodeIgniter.php(361): CodeIgniter\CodeIgniter->handleRequest()
 4 FCPATH\index.php(79): CodeIgniter\CodeIgniter->run()
 5 SYSTEMPATH\Commands\Server\rewrite.php(47): require_once('C:\\xampp\\htdocs\\to_do_app\\public\\index.php')
CRITICAL - 2024-01-25 18:05:51 --> ParseError: syntax error, unexpected 'return' (T_RETURN)
in APPPATH\Controllers\TODOController.php on line 27.
 1 SYSTEMPATH\Autoloader\Autoloader.php(288): CodeIgniter\Autoloader\Autoloader->includeFile()
 2 SYSTEMPATH\Autoloader\Autoloader.php(266): CodeIgniter\Autoloader\Autoloader->loadInNamespace()
 3 [internal function]: CodeIgniter\Autoloader\Autoloader->loadClass()
 4 [internal function]: spl_autoload_call()
 5 SYSTEMPATH\CodeIgniter.php(899): class_exists()
 6 SYSTEMPATH\CodeIgniter.php(489): CodeIgniter\CodeIgniter->startController()
 7 SYSTEMPATH\CodeIgniter.php(361): CodeIgniter\CodeIgniter->handleRequest()
 8 FCPATH\index.php(79): CodeIgniter\CodeIgniter->run()
 9 SYSTEMPATH\Commands\Server\rewrite.php(47): require_once('C:\\xampp\\htdocs\\to_do_app\\public\\index.php')
CRITICAL - 2024-01-25 18:34:58 --> ErrorException: Invalid argument supplied for foreach()
in APPPATH\Views\add_details.php on line 25.
 1 APPPATH\Views\add_details.php(25): CodeIgniter\Debug\Exceptions->errorHandler()
 2 SYSTEMPATH\View\View.php(228): include('C:\\xampp\\htdocs\\to_do_app\\app\\Views\\add_details.php')
 3 SYSTEMPATH\View\View.php(231): CodeIgniter\View\View->CodeIgniter\View\{closure}()
 4 SYSTEMPATH\Common.php(1178): CodeIgniter\View\View->render()
 5 APPPATH\Controllers\TODOController.php(24): view()
 6 SYSTEMPATH\CodeIgniter.php(941): App\Controllers\TODOController->editdetails()
 7 SYSTEMPATH\CodeIgniter.php(502): CodeIgniter\CodeIgniter->runController()
 8 SYSTEMPATH\CodeIgniter.php(361): CodeIgniter\CodeIgniter->handleRequest()
 9 FCPATH\index.php(79): CodeIgniter\CodeIgniter->run()
10 SYSTEMPATH\Commands\Server\rewrite.php(47): require_once('C:\\xampp\\htdocs\\to_do_app\\public\\index.php')
